Base path: '/Applications/Unity/Hub/Editor/2019.4.15f1/Unity.app/Contents', plugins path '/Applications/Unity/Hub/Editor/2019.4.15f1/Unity.app/Contents/PlaybackEngines'
Cmd: initializeCompiler
Cmd: compileComputeKernel
  api=14 insize=12919 outsize=3656 ok=1
Cmd: translateComputeKernel
  api=14 insize=3038 outsize=2856 ok=1
Cmd: translateComputeKernel
  api=14 insize=4370 outsize=5446 ok=1
Cmd: compileComputeKernel
  api=14 insize=12807 outsize=3441 ok=1
Cmd: compileComputeKernel
  api=14 insize=12807 outsize=3030 ok=1
Cmd: compileComputeKernel
  api=14 insize=12807 outsize=3405 ok=1
Cmd: translateComputeKernel
  api=14 insize=3104 outsize=3553 ok=1
Cmd: translateComputeKernel
  api=14 insize=3189 outsize=3700 ok=1
Cmd: translateComputeKernel
  api=14 insize=3134 outsize=3598 ok=1
Cmd: compileComputeKernel
  api=14 insize=17013 outsize=3785 ok=1
Cmd: compileComputeKernel
  api=14 insize=17013 outsize=7485 ok=1
Cmd: translateComputeKernel
  api=14 insize=4993 outsize=7911 ok=1
Cmd: compileComputeKernel
  api=14 insize=79953 outsize=3686 ok=1
Cmd: compileComputeKernel
  api=14 insize=79953 outsize=4295 ok=1
Cmd: compileComputeKernel
  api=14 insize=79953 outsize=3505 ok=1
Cmd: compileComputeKernel
  api=14 insize=79953 outsize=3463 ok=1
Cmd: compileComputeKernel
  api=14 insize=79953 outsize=3103 ok=1
Cmd: compileComputeKernel
  api=14 insize=79953 outsize=3101 ok=1
Cmd: compileComputeKernel
  api=14 insize=79953 outsize=3336 ok=1
Cmd: compileComputeKernel
  api=14 insize=79953 outsize=3363 ok=1
Cmd: compileComputeKernel
  api=14 insize=79953 outsize=3100 ok=1
Cmd: compileComputeKernel
  api=14 insize=79953 outsize=3644 ok=1
Cmd: compileComputeKernel
  api=14 insize=79953 outsize=3135 ok=1
Cmd: compileComputeKernel
  api=14 insize=79953 outsize=3735 ok=1
Cmd: compileComputeKernel
  api=14 insize=79953 outsize=3735 ok=1
Cmd: compileComputeKernel
  api=14 insize=79953 outsize=3769 ok=1
Cmd: compileComputeKernel
  api=14 insize=79953 outsize=3294 ok=1
Cmd: compileComputeKernel
  api=14 insize=79953 outsize=3158 ok=1
Cmd: compileComputeKernel
  api=14 insize=79953 outsize=4433 ok=1
Cmd: translateComputeKernel
  api=14 insize=4105 outsize=4062 ok=1
Cmd: translateComputeKernel
  api=14 insize=4976 outsize=5920 ok=1
Cmd: translateComputeKernel
  api=14 insize=3834 outsize=3808 ok=1
Cmd: translateComputeKernel
  api=14 insize=3806 outsize=3839 ok=1
Cmd: translateComputeKernel
  api=14 insize=4315 outsize=5060 ok=1
Cmd: translateComputeKernel
  api=14 insize=5752 outsize=7390 ok=1
Cmd: translateComputeKernel
  api=14 insize=3862 outsize=3801 ok=1
Cmd: translateComputeKernel
  api=14 insize=4121 outsize=4277 ok=1
Cmd: translateComputeKernel
  api=14 insize=3661 outsize=3508 ok=1
Cmd: translateComputeKernel
  api=14 insize=3758 outsize=3685 ok=1
Cmd: translateComputeKernel
  api=14 insize=4259 outsize=4762 ok=1
Cmd: translateComputeKernel
  api=14 insize=4699 outsize=5557 ok=1
Cmd: translateComputeKernel
  api=14 insize=4296 outsize=4814 ok=1
Cmd: translateComputeKernel
  api=14 insize=4437 outsize=5056 ok=1
Cmd: translateComputeKernel
  api=14 insize=4806 outsize=5748 ok=1
Cmd: translateComputeKernel
  api=14 insize=3675 outsize=3570 ok=1
Cmd: translateComputeKernel
  api=14 insize=4126 outsize=4297 ok=1
Cmd: translateComputeKernel
  api=14 insize=3404 outsize=3058 ok=1
Cmd: compileComputeKernel
  api=14 insize=73293 outsize=6767 ok=1
Cmd: translateComputeKernel
  api=14 insize=5039 outsize=7732 ok=1
Cmd: compileComputeKernel
  api=14 insize=57129 outsize=1150 ok=1
Cmd: compileComputeKernel
  api=14 insize=57129 outsize=1166 ok=1
Cmd: compileComputeKernel
  api=14 insize=57129 outsize=2231 ok=1
Cmd: compileComputeKernel
  api=14 insize=57129 outsize=2277 ok=1
Cmd: compileComputeKernel
  api=14 insize=57129 outsize=2303 ok=1
Cmd: compileComputeKernel
  api=14 insize=57129 outsize=2490 ok=1
Cmd: compileComputeKernel
  api=14 insize=57129 outsize=2149 ok=1
Cmd: compileComputeKernel
  api=14 insize=57129 outsize=1374 ok=1
Cmd: compileComputeKernel
  api=14 insize=57129 outsize=2793 ok=1
Cmd: compileComputeKernel
  api=14 insize=57129 outsize=2841 ok=1
Cmd: compileComputeKernel
  api=14 insize=57129 outsize=2831 ok=1
Cmd: compileComputeKernel
  api=14 insize=57129 outsize=2756 ok=1
Cmd: compileComputeKernel
  api=14 insize=57129 outsize=2859 ok=1
Cmd: compileComputeKernel
  api=14 insize=57129 outsize=3100 ok=1
Cmd: compileComputeKernel
  api=14 insize=57129 outsize=2873 ok=1
Cmd: compileComputeKernel
  api=14 insize=57129 outsize=2759 ok=1
Cmd: translateComputeKernel
  api=14 insize=2402 outsize=2147 ok=1
Cmd: translateComputeKernel
  api=14 insize=1419 outsize=1237 ok=1
Cmd: translateComputeKernel
  api=14 insize=2637 outsize=2490 ok=1
Cmd: translateComputeKernel
  api=14 insize=2368 outsize=2069 ok=1
Cmd: translateComputeKernel
  api=14 insize=2502 outsize=2305 ok=1
Cmd: translateComputeKernel
  api=14 insize=1628 outsize=1533 ok=1
Cmd: translateComputeKernel
  api=14 insize=2945 outsize=2964 ok=1
Cmd: translateComputeKernel
  api=14 insize=2376 outsize=2112 ok=1
Cmd: translateComputeKernel
  api=14 insize=2891 outsize=3310 ok=1
Cmd: translateComputeKernel
  api=14 insize=3153 outsize=3501 ok=1
Cmd: translateComputeKernel
  api=14 insize=3045 outsize=3516 ok=1
Cmd: translateComputeKernel
  api=14 insize=2944 outsize=3196 ok=1
Cmd: translateComputeKernel
  api=14 insize=2972 outsize=3237 ok=1
Cmd: translateComputeKernel
  api=14 insize=2961 outsize=3218 ok=1
Cmd: translateComputeKernel
  api=14 insize=3030 outsize=3334 ok=1
Cmd: translateComputeKernel
  api=14 insize=3461 outsize=3975 ok=1
Cmd: translateComputeKernel
  api=14 insize=2857 outsize=3270 ok=1
Cmd: translateComputeKernel
  api=14 insize=2857 outsize=3270 ok=1
Cmd: compileComputeKernel
  api=14 insize=95078 outsize=4223 ok=1
Cmd: compileComputeKernel
  api=14 insize=95078 outsize=28530 ok=1
Cmd: translateComputeKernel
  api=14 insize=9142 outsize=17558 ok=1
Cmd: translateComputeKernel
  api=14 insize=26327 outsize=54109 ok=1
Cmd: compileComputeKernel
  api=14 insize=4442 outsize=2858 ok=1
Cmd: translateComputeKernel
  api=14 insize=3006 outsize=3859 ok=1
Cmd: compileSnippet
  api=14 type=0 insize=731 outsize=1755 kw=ETC1_EXTERNAL_ALPHA pd=UNITY_ENABLE_REFLECTION_BUFFERS UNITY_USE_DITHER_MASK_FOR_ALPHABLENDED_SHADOWS UNITY_PBS_USE_BRDF1 UNITY_SPECCUBE_BOX_PROJECTION UNITY_SPECCUBE_BLENDING UNITY_ENABLE_DETAIL_NORMALMAP SHADER_API_DESKTOP UNITY_COLORSPACE_GAMMA UNITY_LIGHT_PROBE_PROXY_VOLUME UNITY_LIGHTMAP_FULL_HDR ok=1

Quitting shader compiler process
