Base path: '/Applications/Unity/Hub/Editor/2019.4.15f1/Unity.app/Contents', plugins path '/Applications/Unity/Hub/Editor/2019.4.15f1/Unity.app/Contents/PlaybackEngines'
Cmd: initializeCompiler
Cmd: initializeCompiler
Cmd: compileComputeKernel
  api=9 insize=12919 outsize=3457 ok=1
Cmd: compileComputeKernel
  api=9 insize=12919 outsize=3667 ok=1
Cmd: compileComputeKernel
  api=14 insize=12919 outsize=2926 ok=1
Cmd: compileComputeKernel
  api=14 insize=12919 outsize=2988 ok=1
Cmd: translateComputeKernel
  api=14 insize=3457 outsize=3906 ok=1
Cmd: translateComputeKernel
  api=14 insize=3829 outsize=4279 ok=1
Cmd: compileComputeKernel
  api=9 insize=12807 outsize=4046 ok=1
Cmd: compileComputeKernel
  api=9 insize=12807 outsize=3340 ok=1
Cmd: compileComputeKernel
  api=14 insize=12807 outsize=3001 ok=1
Cmd: compileComputeKernel
  api=14 insize=12807 outsize=3001 ok=1
Cmd: compileComputeKernel
  api=14 insize=12807 outsize=3035 ok=1
Cmd: translateComputeKernel
  api=14 insize=3108 outsize=3556 ok=1
Cmd: translateComputeKernel
  api=14 insize=3136 outsize=3599 ok=1
Cmd: translateComputeKernel
  api=14 insize=3255 outsize=3812 ok=1
Cmd: compileComputeKernel
  api=9 insize=17013 outsize=7366 ok=1
Cmd: compileComputeKernel
  api=14 insize=17013 outsize=4795 ok=1
Cmd: compileComputeKernel
  api=14 insize=17013 outsize=7485 ok=1
Cmd: translateComputeKernel
  api=14 insize=5093 outsize=8194 ok=1
Cmd: compileComputeKernel
  api=9 insize=79953 outsize=3679 ok=1
Cmd: compileComputeKernel
  api=9 insize=79953 outsize=4980 ok=1
Cmd: compileComputeKernel
  api=9 insize=79953 outsize=3246 ok=1
Cmd: compileComputeKernel
  api=9 insize=79953 outsize=3134 ok=1
Cmd: compileComputeKernel
  api=9 insize=79953 outsize=6545 ok=1
Cmd: compileComputeKernel
  api=9 insize=79953 outsize=3438 ok=1
Cmd: compileComputeKernel
  api=9 insize=79953 outsize=3195 ok=1
Cmd: compileComputeKernel
  api=9 insize=79953 outsize=2943 ok=1
Cmd: compileComputeKernel
  api=9 insize=79953 outsize=3728 ok=1
Cmd: compileComputeKernel
  api=9 insize=79953 outsize=3040 ok=1
Cmd: compileComputeKernel
  api=9 insize=79953 outsize=4140 ok=1
Cmd: compileComputeKernel
  api=9 insize=79953 outsize=4144 ok=1
Cmd: compileComputeKernel
  api=9 insize=79953 outsize=4181 ok=1
Cmd: compileComputeKernel
  api=9 insize=79953 outsize=5103 ok=1
Cmd: compileComputeKernel
  api=9 insize=79953 outsize=3051 ok=1
Cmd: compileComputeKernel
  api=9 insize=79953 outsize=3049 ok=1
Cmd: compileComputeKernel
  api=9 insize=79953 outsize=3098 ok=1
Cmd: compileComputeKernel
  api=14 insize=79953 outsize=5099 ok=1
Cmd: compileComputeKernel
  api=14 insize=79953 outsize=3505 ok=1
Cmd: compileComputeKernel
  api=14 insize=79953 outsize=3483 ok=1
Cmd: compileComputeKernel
  api=14 insize=79953 outsize=3103 ok=1
Cmd: compileComputeKernel
  api=14 insize=79953 outsize=3126 ok=1
Cmd: compileComputeKernel
  api=14 insize=79953 outsize=3199 ok=1
Cmd: compileComputeKernel
  api=14 insize=79953 outsize=3777 ok=1
Cmd: compileComputeKernel
  api=14 insize=79953 outsize=3412 ok=1
Cmd: compileComputeKernel
  api=14 insize=79953 outsize=3103 ok=1
Cmd: compileComputeKernel
  api=14 insize=79953 outsize=3160 ok=1
Cmd: compileComputeKernel
  api=14 insize=79953 outsize=3735 ok=1
Cmd: compileComputeKernel
  api=14 insize=79953 outsize=3767 ok=1
Cmd: compileComputeKernel
  api=14 insize=79953 outsize=3914 ok=1
Cmd: compileComputeKernel
  api=14 insize=79953 outsize=3342 ok=1
Cmd: compileComputeKernel
  api=14 insize=79953 outsize=3596 ok=1
Cmd: compileComputeKernel
  api=14 insize=79953 outsize=3743 ok=1
Cmd: translateComputeKernel
  api=14 insize=5159 outsize=6541 ok=1
Cmd: translateComputeKernel
  api=14 insize=5008 outsize=6009 ok=1
Cmd: translateComputeKernel
  api=14 insize=3805 outsize=3925 ok=1
Cmd: translateComputeKernel
  api=14 insize=3661 outsize=3506 ok=1
Cmd: translateComputeKernel
  api=14 insize=3743 outsize=3641 ok=1
Cmd: translateComputeKernel
  api=14 insize=3757 outsize=3627 ok=1
Cmd: translateComputeKernel
  api=14 insize=3703 outsize=3586 ok=1
Cmd: translateComputeKernel
  api=14 insize=3685 outsize=3550 ok=1
Cmd: translateComputeKernel
  api=14 insize=4002 outsize=4060 ok=1
Cmd: translateComputeKernel
  api=14 insize=3754 outsize=3682 ok=1
Cmd: translateComputeKernel
  api=14 insize=3702 outsize=3572 ok=1
Cmd: translateComputeKernel
  api=14 insize=4259 outsize=4762 ok=1
Cmd: translateComputeKernel
  api=14 insize=4259 outsize=4766 ok=1
Cmd: translateComputeKernel
  api=14 insize=4344 outsize=4904 ok=1
Cmd: translateComputeKernel
  api=14 insize=4437 outsize=5056 ok=1
Cmd: translateComputeKernel
  api=14 insize=3700 outsize=3559 ok=1
Cmd: translateComputeKernel
  api=14 insize=3900 outsize=4178 ok=1
Cmd: translateComputeKernel
  api=14 insize=3882 outsize=3908 ok=1
Cmd: translateComputeKernel
  api=14 insize=4929 outsize=6074 ok=1
Cmd: compileComputeKernel
  api=9 insize=4231 outsize=6835 ok=1
Cmd: compileComputeKernel
  api=9 insize=73293 outsize=12536 ok=1
Cmd: translateComputeKernel
  api=14 insize=9640 outsize=17560 ok=1
Cmd: compileComputeKernel
  api=9 insize=57129 outsize=1873 ok=1
Cmd: compileComputeKernel
  api=9 insize=57129 outsize=1877 ok=1
Cmd: compileComputeKernel
  api=9 insize=57129 outsize=1997 ok=1
Cmd: compileComputeKernel
  api=9 insize=57129 outsize=1778 ok=1
Cmd: compileComputeKernel
  api=9 insize=57129 outsize=1934 ok=1
Cmd: compileComputeKernel
  api=9 insize=57129 outsize=2396 ok=1
Cmd: compileComputeKernel
  api=9 insize=57129 outsize=1776 ok=1
Cmd: compileComputeKernel
  api=9 insize=57129 outsize=1926 ok=1
Cmd: compileComputeKernel
  api=9 insize=57129 outsize=2872 ok=1
Cmd: compileComputeKernel
  api=9 insize=57129 outsize=2957 ok=1
Cmd: compileComputeKernel
  api=9 insize=57129 outsize=2924 ok=1
Cmd: compileComputeKernel
  api=9 insize=57129 outsize=2959 ok=1
Cmd: compileComputeKernel
  api=9 insize=57129 outsize=3060 ok=1
Cmd: compileComputeKernel
  api=9 insize=57129 outsize=3067 ok=1
Cmd: compileComputeKernel
  api=9 insize=57129 outsize=3695 ok=1
Cmd: compileComputeKernel
  api=9 insize=57129 outsize=2992 ok=1
Cmd: compileComputeKernel
  api=9 insize=57129 outsize=3048 ok=1
Cmd: compileComputeKernel
  api=14 insize=57129 outsize=2152 ok=1
Cmd: compileComputeKernel
  api=14 insize=57129 outsize=2409 ok=1
Cmd: compileComputeKernel
  api=14 insize=57129 outsize=1305 ok=1
Cmd: compileComputeKernel
  api=14 insize=57129 outsize=1205 ok=1
Cmd: compileComputeKernel
  api=14 insize=57129 outsize=1838 ok=1
Cmd: compileComputeKernel
  api=14 insize=57129 outsize=1157 ok=1
Cmd: compileComputeKernel
  api=14 insize=57129 outsize=2181 ok=1
Cmd: compileComputeKernel
  api=14 insize=57129 outsize=2730 ok=1
Cmd: compileComputeKernel
  api=14 insize=57129 outsize=2929 ok=1
Cmd: compileComputeKernel
  api=14 insize=57129 outsize=2874 ok=1
Cmd: compileComputeKernel
  api=14 insize=57129 outsize=2720 ok=1
Cmd: compileComputeKernel
  api=14 insize=57129 outsize=3090 ok=1
Cmd: compileComputeKernel
  api=14 insize=57129 outsize=2806 ok=1
Cmd: compileComputeKernel
  api=14 insize=57129 outsize=3300 ok=1
Cmd: compileComputeKernel
  api=14 insize=57129 outsize=2759 ok=1
Cmd: translateComputeKernel
  api=14 insize=1410 outsize=1222 ok=1
Cmd: translateComputeKernel
  api=14 insize=2409 outsize=2149 ok=1
Cmd: translateComputeKernel
  api=14 insize=1558 outsize=1450 ok=1
Cmd: translateComputeKernel
  api=14 insize=2428 outsize=2185 ok=1
Cmd: translateComputeKernel
  api=14 insize=2445 outsize=2207 ok=1
Cmd: translateComputeKernel
  api=14 insize=2514 outsize=2322 ok=1
Cmd: translateComputeKernel
  api=14 insize=2509 outsize=2310 ok=1
Cmd: translateComputeKernel
  api=14 insize=2902 outsize=3302 ok=1
Cmd: translateComputeKernel
  api=14 insize=3058 outsize=3535 ok=1
Cmd: translateComputeKernel
  api=14 insize=2933 outsize=3384 ok=1
Cmd: translateComputeKernel
  api=14 insize=2944 outsize=3196 ok=1
Cmd: translateComputeKernel
  api=14 insize=3264 outsize=3744 ok=1
Cmd: translateComputeKernel
  api=14 insize=2967 outsize=3434 ok=1
Cmd: translateComputeKernel
  api=14 insize=3034 outsize=3323 ok=1
Cmd: translateComputeKernel
  api=14 insize=2920 outsize=3154 ok=1
Cmd: compileComputeKernel
  api=9 insize=95078 outsize=13288 ok=1
Cmd: compileComputeKernel
  api=9 insize=95078 outsize=50823 ok=1
Cmd: compileComputeKernel
  api=14 insize=95078 outsize=36354 ok=1
Cmd: translateComputeKernel
  api=14 insize=12303 outsize=23947 ok=1
Cmd: translateComputeKernel
  api=14 insize=26327 outsize=54109 ok=1
Cmd: compileComputeKernel
  api=9 insize=4442 outsize=3716 ok=1
Cmd: translateComputeKernel
  api=14 insize=3072 outsize=3978 ok=1
