Base path: '/Applications/Unity/Hub/Editor/2019.4.15f1/Unity.app/Contents', plugins path '/Applications/Unity/Hub/Editor/2019.4.15f1/Unity.app/Contents/PlaybackEngines'
Cmd: initializeCompiler
Cmd: compileSnippet
  api=14 type=0 insize=934 outsize=1666 kw= pd=UNITY_NO_DXT5nm UNITY_ENABLE_REFLECTION_BUFFERS UNITY_NO_CUBEMAP_ARRAY UNITY_NO_SCREENSPACE_SHADOWS UNITY_PBS_USE_BRDF2 SHADER_API_DESKTOP UNITY_HARDWARE_TIER3 UNITY_COLORSPACE_GAMMA UNITY_LIGHTMAP_DLDR_ENCODING ok=1
Cmd: initializeCompiler
Cmd: compileComputeKernel
  api=9 insize=12919 outsize=3848 ok=1
Cmd: compileComputeKernel
  api=9 insize=12919 outsize=5168 ok=1
Cmd: compileComputeKernel
  api=14 insize=12919 outsize=3739 ok=1
Cmd: translateComputeKernel
  api=14 insize=3038 outsize=2856 ok=1
Cmd: translateComputeKernel
  api=14 insize=3256 outsize=3345 ok=1
Cmd: compileComputeKernel
  api=9 insize=12807 outsize=3293 ok=1
Cmd: compileComputeKernel
  api=9 insize=12807 outsize=3343 ok=1
Cmd: compileComputeKernel
  api=9 insize=12807 outsize=3555 ok=1
Cmd: compileComputeKernel
  api=14 insize=12807 outsize=3441 ok=1
Cmd: compileComputeKernel
  api=14 insize=12807 outsize=3030 ok=1
Cmd: compileComputeKernel
  api=14 insize=12807 outsize=3405 ok=1
Cmd: translateComputeKernel
  api=14 insize=3544 outsize=4336 ok=1
Cmd: translateComputeKernel
  api=14 insize=3134 outsize=3598 ok=1
Cmd: compileComputeKernel
  api=9 insize=17013 outsize=4405 ok=1
Cmd: compileComputeKernel
  api=9 insize=17013 outsize=12709 ok=1
Cmd: translateComputeKernel
  api=14 insize=4933 outsize=7763 ok=1
Cmd: compileComputeKernel
  api=9 insize=79953 outsize=3679 ok=1
Cmd: compileComputeKernel
  api=9 insize=79953 outsize=5229 ok=1
Cmd: compileComputeKernel
  api=9 insize=79953 outsize=3247 ok=1
Cmd: compileComputeKernel
  api=9 insize=79953 outsize=3090 ok=1
Cmd: compileComputeKernel
  api=9 insize=79953 outsize=3650 ok=1
Cmd: compileComputeKernel
  api=9 insize=79953 outsize=2939 ok=1
Cmd: compileComputeKernel
  api=9 insize=79953 outsize=3438 ok=1
Cmd: compileComputeKernel
  api=9 insize=79953 outsize=3195 ok=1
Cmd: compileComputeKernel
  api=9 insize=79953 outsize=3682 ok=1
Cmd: compileComputeKernel
  api=9 insize=79953 outsize=3106 ok=1
Cmd: compileComputeKernel
  api=9 insize=79953 outsize=3048 ok=1
Cmd: compileComputeKernel
  api=9 insize=79953 outsize=4143 ok=1
Cmd: compileComputeKernel
  api=9 insize=79953 outsize=4144 ok=1
Cmd: compileComputeKernel
  api=9 insize=79953 outsize=4187 ok=1
Cmd: compileComputeKernel
  api=9 insize=79953 outsize=5119 ok=1
Cmd: compileComputeKernel
  api=9 insize=79953 outsize=3106 ok=1
Cmd: compileComputeKernel
  api=9 insize=79953 outsize=3055 ok=1
Cmd: compileComputeKernel
  api=9 insize=79953 outsize=4819 ok=1
Cmd: compileComputeKernel
  api=14 insize=79953 outsize=4295 ok=1
Cmd: compileComputeKernel
  api=14 insize=79953 outsize=3305 ok=1
Cmd: compileComputeKernel
  api=14 insize=79953 outsize=3845 ok=1
Cmd: compileComputeKernel
  api=14 insize=79953 outsize=3140 ok=1
Cmd: compileComputeKernel
  api=14 insize=79953 outsize=3103 ok=1
Cmd: compileComputeKernel
  api=14 insize=79953 outsize=3447 ok=1
Cmd: compileComputeKernel
  api=14 insize=79953 outsize=3261 ok=1
Cmd: compileComputeKernel
  api=14 insize=79953 outsize=3127 ok=1
Cmd: compileComputeKernel
  api=14 insize=79953 outsize=3213 ok=1
Cmd: compileComputeKernel
  api=14 insize=79953 outsize=3200 ok=1
Cmd: compileComputeKernel
  api=14 insize=79953 outsize=3735 ok=1
Cmd: compileComputeKernel
  api=14 insize=79953 outsize=3735 ok=1
Cmd: compileComputeKernel
  api=14 insize=79953 outsize=3764 ok=1
Cmd: compileComputeKernel
  api=14 insize=79953 outsize=3142 ok=1
Cmd: compileComputeKernel
  api=14 insize=79953 outsize=3117 ok=1
Cmd: compileComputeKernel
  api=14 insize=79953 outsize=3678 ok=1
Cmd: compileComputeKernel
  api=14 insize=79953 outsize=3198 ok=1
Cmd: translateComputeKernel
  api=14 insize=5459 outsize=7636 ok=1
Cmd: translateComputeKernel
  api=14 insize=3806 outsize=3839 ok=1
Cmd: translateComputeKernel
  api=14 insize=3781 outsize=3868 ok=1
Cmd: translateComputeKernel
  api=14 insize=3925 outsize=3926 ok=1
Cmd: translateComputeKernel
  api=14 insize=3684 outsize=3523 ok=1
Cmd: translateComputeKernel
  api=14 insize=4056 outsize=4167 ok=1
Cmd: translateComputeKernel
  api=14 insize=3703 outsize=3586 ok=1
Cmd: translateComputeKernel
  api=14 insize=3658 outsize=3510 ok=1
Cmd: translateComputeKernel
  api=14 insize=3771 outsize=3687 ok=1
Cmd: translateComputeKernel
  api=14 insize=3661 outsize=3508 ok=1
Cmd: translateComputeKernel
  api=14 insize=3718 outsize=3723 ok=1
Cmd: translateComputeKernel
  api=14 insize=4263 outsize=4765 ok=1
Cmd: translateComputeKernel
  api=14 insize=4259 outsize=4766 ok=1
Cmd: translateComputeKernel
  api=14 insize=4288 outsize=4805 ok=1
Cmd: translateComputeKernel
  api=14 insize=4438 outsize=5057 ok=1
Cmd: translateComputeKernel
  api=14 insize=3715 outsize=3674 ok=1
Cmd: translateComputeKernel
  api=14 insize=3795 outsize=3704 ok=1
Cmd: translateComputeKernel
  api=14 insize=4945 outsize=6053 ok=1
Cmd: compileComputeKernel
  api=9 insize=4231 outsize=6168 ok=1
Cmd: compileComputeKernel
  api=9 insize=73293 outsize=9797 ok=1
Cmd: compileComputeKernel
  api=14 insize=73293 outsize=8155 ok=1
Cmd: compileComputeKernel
  api=9 insize=57129 outsize=1449 ok=1
Cmd: compileComputeKernel
  api=9 insize=57129 outsize=1915 ok=1
Cmd: compileComputeKernel
  api=9 insize=57129 outsize=2210 ok=1
Cmd: compileComputeKernel
  api=9 insize=57129 outsize=1932 ok=1
Cmd: compileComputeKernel
  api=9 insize=57129 outsize=1945 ok=1
Cmd: compileComputeKernel
  api=9 insize=57129 outsize=1932 ok=1
Cmd: compileComputeKernel
  api=9 insize=57129 outsize=1871 ok=1
Cmd: compileComputeKernel
  api=9 insize=57129 outsize=1852 ok=1
Cmd: compileComputeKernel
  api=9 insize=57129 outsize=2872 ok=1
Cmd: compileComputeKernel
  api=9 insize=57129 outsize=3217 ok=1
Cmd: compileComputeKernel
  api=9 insize=57129 outsize=3191 ok=1
Cmd: compileComputeKernel
  api=9 insize=57129 outsize=2870 ok=1
Cmd: compileComputeKernel
  api=9 insize=57129 outsize=3325 ok=1
Cmd: compileComputeKernel
  api=9 insize=57129 outsize=3001 ok=1
Cmd: compileComputeKernel
  api=9 insize=57129 outsize=3661 ok=1
Cmd: compileComputeKernel
  api=9 insize=57129 outsize=2828 ok=1
Cmd: compileComputeKernel
  api=14 insize=57129 outsize=1157 ok=1
Cmd: compileComputeKernel
  api=14 insize=57129 outsize=2247 ok=1
Cmd: compileComputeKernel
  api=14 insize=57129 outsize=2278 ok=1
Cmd: compileComputeKernel
  api=14 insize=57129 outsize=2327 ok=1
Cmd: compileComputeKernel
  api=14 insize=57129 outsize=1150 ok=1
Cmd: compileComputeKernel
  api=14 insize=57129 outsize=1375 ok=1
Cmd: compileComputeKernel
  api=14 insize=57129 outsize=2358 ok=1
Cmd: compileComputeKernel
  api=14 insize=57129 outsize=2244 ok=1
Cmd: compileComputeKernel
  api=14 insize=57129 outsize=2793 ok=1
Cmd: compileComputeKernel
  api=14 insize=57129 outsize=2992 ok=1
Cmd: compileComputeKernel
  api=14 insize=57129 outsize=2937 ok=1
Cmd: compileComputeKernel
  api=14 insize=57129 outsize=2760 ok=1
Cmd: compileComputeKernel
  api=14 insize=57129 outsize=3103 ok=1
Cmd: compileComputeKernel
  api=14 insize=57129 outsize=2869 ok=1
Cmd: compileComputeKernel
  api=14 insize=57129 outsize=3237 ok=1
Cmd: compileComputeKernel
  api=14 insize=57129 outsize=2852 ok=1
Cmd: compileComputeKernel
  api=14 insize=57129 outsize=2791 ok=1
Cmd: translateComputeKernel
  api=14 insize=1403 outsize=1229 ok=1
Cmd: translateComputeKernel
  api=14 insize=1409 outsize=1263 ok=1
Cmd: translateComputeKernel
  api=14 insize=2637 outsize=2490 ok=1
Cmd: translateComputeKernel
  api=14 insize=2476 outsize=2278 ok=1
Cmd: translateComputeKernel
  api=14 insize=2502 outsize=2305 ok=1
Cmd: translateComputeKernel
  api=14 insize=2685 outsize=2544 ok=1
Cmd: translateComputeKernel
  api=14 insize=2518 outsize=2312 ok=1
Cmd: translateComputeKernel
  api=14 insize=2513 outsize=2313 ok=1
Cmd: translateComputeKernel
  api=14 insize=2954 outsize=3198 ok=1
Cmd: translateComputeKernel
  api=14 insize=3130 outsize=3611 ok=1
Cmd: translateComputeKernel
  api=14 insize=2962 outsize=3232 ok=1
Cmd: translateComputeKernel
  api=14 insize=2917 outsize=3156 ok=1
Cmd: translateComputeKernel
  api=14 insize=3251 outsize=3750 ok=1
Cmd: translateComputeKernel
  api=14 insize=3238 outsize=3827 ok=1
Cmd: translateComputeKernel
  api=14 insize=2920 outsize=3154 ok=1
Cmd: translateComputeKernel
  api=14 insize=3017 outsize=3331 ok=1
Cmd: compileComputeKernel
  api=9 insize=95078 outsize=28170 ok=1
Cmd: compileComputeKernel
  api=9 insize=95078 outsize=7937 ok=1
Cmd: compileComputeKernel
  api=9 insize=95078 outsize=4072 ok=1
Cmd: compileComputeKernel
  api=9 insize=95078 outsize=10314 ok=1
Cmd: compileComputeKernel
  api=9 insize=95078 outsize=31975 ok=1
Cmd: compileComputeKernel
  api=14 insize=95078 outsize=9108 ok=1
Cmd: compileComputeKernel
  api=14 insize=95078 outsize=13796 ok=1
Cmd: compileComputeKernel
  api=14 insize=95078 outsize=11317 ok=1
Cmd: compileComputeKernel
  api=14 insize=95078 outsize=26722 ok=1
Cmd: translateComputeKernel
  api=14 insize=11443 outsize=21104 ok=1
Cmd: translateComputeKernel
  api=14 insize=35647 outsize=69834 ok=1
Cmd: compileComputeKernel
  api=14 insize=4442 outsize=2858 ok=1
Cmd: compileComputeKernel
  api=14 insize=4442 outsize=3014 ok=1
Cmd: compileComputeKernel
  api=9 insize=1900 outsize=6232 ok=1
